[debug] [2023-08-13T07:06:53.655Z] ----------------------------------------------------------------------
[debug] [2023-08-13T07:06:53.656Z] Command:       C:\Program Files\nodejs\node.exe C:\Users\thees\AppData\Roaming\npm\node_modules\firebase-tools\lib\bin\firebase.js init
[debug] [2023-08-13T07:06:53.657Z] CLI Version:   12.4.7
[debug] [2023-08-13T07:06:53.657Z] Platform:      win32
[debug] [2023-08-13T07:06:53.657Z] Node Version:  v18.12.1
[debug] [2023-08-13T07:06:53.658Z] Time:          Sun Aug 13 2023 12:36:53 GMT+0530 (India Standard Time)
[debug] [2023-08-13T07:06:53.658Z] ----------------------------------------------------------------------
[debug] 
[debug] [2023-08-13T07:06:53.664Z] > command requires scopes: ["email","openid","https://www.googleapis.com/auth/cloudplatformprojects.readonly","https://www.googleapis.com/auth/firebase","https://www.googleapis.com/auth/cloud-platform"]
[debug] [2023-08-13T07:06:53.664Z] > authorizing via signed-in user (eshareddy234@gmail.com)
[info] 
     ######## #### ########  ######## ########     ###     ######  ########
     ##        ##  ##     ## ##       ##     ##  ##   ##  ##       ##
     ######    ##  ########  ######   ########  #########  ######  ######
     ##        ##  ##    ##  ##       ##     ## ##     ##       ## ##
     ##       #### ##     ## ######## ########  ##     ##  ######  ########

You're about to initialize a Firebase project in this directory:

  C:\Users\thees\Desktop\E\projects\e-chat

[debug] [2023-08-13T07:07:58.794Z] ----------------------------------------------------------------------
[debug] [2023-08-13T07:07:58.796Z] Command:       C:\Program Files\nodejs\node.exe C:\Users\thees\AppData\Roaming\npm\node_modules\firebase-tools\lib\bin\firebase.js init
[debug] [2023-08-13T07:07:58.796Z] CLI Version:   12.4.7
[debug] [2023-08-13T07:07:58.796Z] Platform:      win32
[debug] [2023-08-13T07:07:58.797Z] Node Version:  v18.12.1
[debug] [2023-08-13T07:07:58.797Z] Time:          Sun Aug 13 2023 12:37:58 GMT+0530 (India Standard Time)
[debug] [2023-08-13T07:07:58.797Z] ----------------------------------------------------------------------
[debug] 
[debug] [2023-08-13T07:07:58.803Z] > command requires scopes: ["email","openid","https://www.googleapis.com/auth/cloudplatformprojects.readonly","https://www.googleapis.com/auth/firebase","https://www.googleapis.com/auth/cloud-platform"]
[debug] [2023-08-13T07:07:58.804Z] > authorizing via signed-in user (eshareddy234@gmail.com)
[info] 
     ######## #### ########  ######## ########     ###     ######  ########
     ##        ##  ##     ## ##       ##     ##  ##   ##  ##       ##
     ######    ##  ########  ######   ########  #########  ######  ######
     ##        ##  ##    ##  ##       ##     ## ##     ##       ## ##
     ##       #### ##     ## ######## ########  ##     ##  ######  ########

You're about to initialize a Firebase project in this directory:

  C:\Users\thees\Desktop\E\projects\e-chat

[info] 
=== Project Setup
[info] 
[info] First, let's associate this project directory with a Firebase project.
[info] You can create multiple project aliases by running firebase use --add, 
[info] but for now we'll just set up a default project.
[info] 
[debug] [2023-08-13T07:08:55.553Z] >>> [apiv2][query] GET https://firebase.googleapis.com/v1beta1/projects pageSize=100
[debug] [2023-08-13T07:08:56.690Z] <<< [apiv2][status] GET https://firebase.googleapis.com/v1beta1/projects 200
[debug] [2023-08-13T07:08:56.690Z] <<< [apiv2][body] GET https://firebase.googleapis.com/v1beta1/projects [omitted]
[info] i  Using project e-chat-123 (e-chat) 
[info] 
=== Hosting Setup
[info] 
[info] Your public directory is the folder (relative to your project directory) that
[info] will contain Hosting assets to be uploaded with firebase deploy. If you
[info] have a build process for your assets, use your build's output directory.
[info] 
